TN:
SF:client/src/App.tsx
FN:1,(empty-report)
FNF:1
FNH:0
FNDA:0,(empty-report)
DA:1,0
DA:2,0
DA:3,0
DA:4,0
DA:5,0
DA:6,0
DA:7,0
DA:8,0
DA:9,0
DA:10,0
DA:12,0
DA:13,0
DA:16,0
DA:17,0
DA:18,0
DA:19,0
DA:20,0
DA:21,0
DA:22,0
DA:23,0
DA:24,0
DA:26,0
DA:27,0
DA:28,0
DA:30,0
DA:31,0
DA:32,0
DA:33,0
DA:35,0
DA:36,0
DA:37,0
DA:39,0
DA:40,0
DA:41,0
DA:42,0
DA:43,0
DA:44,0
DA:46,0
DA:47,0
DA:48,0
DA:49,0
DA:50,0
DA:51,0
DA:52,0
DA:53,0
DA:54,0
DA:55,0
DA:56,0
DA:57,0
DA:58,0
DA:59,0
DA:60,0
DA:61,0
DA:62,0
DA:63,0
DA:64,0
DA:66,0
DA:68,0
LF:58
LH:0
BRDA:1,0,0,0
BRF:1
BRH:0
end_of_record
TN:
SF:client/src/config.ts
FN:1,(empty-report)
FNF:1
FNH:0
FNDA:0,(empty-report)
DA:1,0
LF:1
LH:0
BRDA:1,0,0,0
BRF:1
BRH:0
end_of_record
TN:
SF:client/src/main.tsx
FN:1,(empty-report)
FNF:1
FNH:0
FNDA:0,(empty-report)
DA:1,0
DA:2,0
DA:3,0
DA:5,0
LF:4
LH:0
BRDA:1,0,0,0
BRF:1
BRH:0
end_of_record
TN:
SF:client/src/router.tsx
FN:1,(empty-report)
FNF:1
FNH:0
FNDA:0,(empty-report)
DA:1,0
DA:29,0
DA:30,0
DA:31,0
DA:32,0
DA:33,0
DA:34,0
DA:35,0
DA:36,0
DA:37,0
DA:38,0
DA:39,0
DA:40,0
DA:41,0
DA:42,0
DA:43,0
DA:44,0
DA:45,0
DA:46,0
DA:47,0
DA:48,0
DA:49,0
DA:50,0
DA:51,0
DA:52,0
DA:53,0
DA:54,0
DA:55,0
DA:57,0
DA:58,0
DA:59,0
DA:60,0
DA:61,0
DA:62,0
DA:64,0
DA:66,0
LF:36
LH:0
BRDA:1,0,0,0
BRF:1
BRH:0
end_of_record
TN:
SF:client/src/components/AppSidebar.tsx
FN:1,(empty-report)
FNF:1
FNH:0
FNDA:0,(empty-report)
DA:1,0
DA:23,0
DA:24,0
DA:25,0
DA:26,0
DA:27,0
DA:28,0
DA:29,0
DA:30,0
DA:31,0
DA:32,0
DA:33,0
DA:34,0
DA:35,0
DA:36,0
DA:37,0
DA:38,0
DA:39,0
DA:40,0
DA:41,0
DA:42,0
DA:43,0
DA:44,0
DA:45,0
DA:46,0
DA:47,0
DA:48,0
DA:49,0
DA:50,0
DA:51,0
DA:52,0
DA:53,0
DA:54,0
DA:55,0
DA:56,0
DA:57,0
DA:58,0
DA:59,0
DA:60,0
DA:61,0
DA:62,0
DA:63,0
DA:64,0
DA:65,0
DA:66,0
DA:67,0
DA:68,0
DA:70,0
DA:71,0
DA:72,0
DA:74,0
DA:76,0
DA:77,0
DA:78,0
DA:79,0
DA:81,0
DA:82,0
DA:83,0
DA:84,0
DA:86,0
DA:87,0
DA:89,0
DA:90,0
DA:91,0
DA:92,0
DA:93,0
DA:94,0
DA:95,0
DA:96,0
DA:97,0
DA:98,0
DA:99,0
DA:100,0
DA:101,0
DA:103,0
DA:104,0
DA:105,0
DA:106,0
DA:107,0
DA:108,0
DA:109,0
DA:110,0
DA:111,0
DA:112,0
DA:113,0
DA:114,0
DA:115,0
DA:116,0
DA:117,0
DA:118,0
DA:119,0
DA:120,0
DA:121,0
DA:122,0
DA:123,0
DA:124,0
DA:126,0
DA:127,0
DA:128,0
DA:130,0
DA:131,0
DA:132,0
DA:133,0
DA:134,0
DA:135,0
DA:136,0
DA:138,0
LF:107
LH:0
BRDA:1,0,0,0
BRF:1
BRH:0
end_of_record
TN:
SF:client/src/components/SidebarToggle.tsx
FN:1,(empty-report)
FNF:1
FNH:0
FNDA:0,(empty-report)
DA:1,0
DA:5,0
DA:6,0
DA:8,0
DA:9,0
DA:10,0
DA:11,0
DA:12,0
DA:13,0
DA:14,0
DA:15,0
DA:17,0
DA:18,0
DA:20,0
DA:22,0
DA:23,0
DA:25,0
LF:17
LH:0
BRDA:1,0,0,0
BRF:1
BRH:0
end_of_record
TN:
SF:client/src/components/ThemeToggle.tsx
FN:1,(empty-report)
FNF:1
FNH:0
FNDA:0,(empty-report)
DA:1,0
DA:5,0
DA:6,0
DA:8,0
DA:9,0
DA:10,0
DA:11,0
DA:12,0
DA:13,0
DA:14,0
DA:16,0
DA:17,0
DA:18,0
DA:19,0
DA:21,0
LF:15
LH:0
BRDA:1,0,0,0
BRF:1
BRH:0
end_of_record
TN:
SF:client/src/components/ToolCard.tsx
FN:11,ToolCard
FNF:1
FNH:1
FNDA:1191,ToolCard
DA:1,1
DA:11,1
DA:12,1191
DA:13,1191
DA:14,1191
DA:15,1191
DA:16,1191
DA:17,1191
DA:18,1191
DA:19,1191
DA:20,1191
DA:21,1191
DA:22,1191
DA:23,1191
DA:24,1191
DA:26,1191
LF:16
LH:16
BRDA:11,0,0,1191
BRF:1
BRH:1
end_of_record
TN:
SF:client/src/components/tools/Base64Encoder.tsx
FN:8,Base64Encoder
FN:13,encode
FN:22,decode
FN:31,copyToClipboard
FN:51,onChange
FNF:5
FNH:5
FNDA:73,Base64Encoder
FNDA:4,encode
FNDA:2,decode
FNDA:1,copyToClipboard
FNDA:60,onChange
DA:1,1
DA:8,73
DA:9,73
DA:10,73
DA:11,73
DA:13,73
DA:14,4
DA:15,4
DA:16,4
DA:17,4
DA:18,0
DA:19,0
DA:20,4
DA:22,73
DA:23,2
DA:24,2
DA:25,2
DA:26,2
DA:27,1
DA:28,1
DA:29,2
DA:31,73
DA:32,1
DA:33,1
DA:34,1
DA:36,73
DA:37,73
DA:38,73
DA:39,73
DA:40,73
DA:42,73
DA:43,73
DA:44,73
DA:46,73
DA:47,73
DA:48,73
DA:49,73
DA:50,73
DA:51,73
DA:52,73
DA:53,73
DA:54,73
DA:55,73
DA:56,73
DA:58,73
DA:59,73
DA:61,73
DA:62,73
DA:63,73
DA:65,73
DA:66,73
DA:68,73
DA:69,73
DA:70,73
DA:71,73
DA:72,73
DA:73,73
DA:74,73
DA:75,73
DA:76,73
DA:77,73
DA:78,73
DA:79,73
DA:80,73
DA:81,73
DA:83,73
DA:85,73
DA:86,73
DA:87,73
DA:88,73
DA:90,73
LF:71
LH:69
BRDA:8,0,0,73
BRDA:13,1,0,4
BRDA:17,2,0,0
BRDA:22,3,0,2
BRDA:26,4,0,1
BRDA:27,5,0,0
BRDA:31,6,0,1
BRDA:51,7,0,60
BRF:8
BRH:6
end_of_record
TN:
SF:client/src/components/tools/CaseConverter.tsx
FN:8,CaseConverter
FN:22,convertCases
FN:43,copyToClipboard
FN:62,onChange
FN:92,onClick
FNF:5
FNH:5
FNDA:167,CaseConverter
FNDA:9,convertCases
FNDA:1,copyToClipboard
FNDA:147,onChange
FNDA:1,onClick
DA:1,1
DA:8,167
DA:9,167
DA:10,167
DA:11,167
DA:12,167
DA:13,167
DA:14,167
DA:15,167
DA:16,167
DA:17,167
DA:18,167
DA:19,167
DA:20,167
DA:22,167
DA:23,9
DA:25,9
DA:26,9
DA:27,9
DA:28,9
DA:29,24
DA:30,9
DA:31,9
DA:32,32
DA:33,9
DA:34,9
DA:35,32
DA:36,9
DA:37,9
DA:38,9
DA:39,9
DA:40,9
DA:41,9
DA:43,167
DA:44,1
DA:45,1
DA:46,1
DA:48,167
DA:49,167
DA:50,167
DA:51,167
DA:52,167
DA:54,167
DA:55,167
DA:57,167
DA:58,167
DA:59,167
DA:60,167
DA:61,167
DA:62,167
DA:63,167
DA:64,167
DA:65,167
DA:66,167
DA:68,167
DA:69,167
DA:71,167
DA:72,167
DA:73,167
DA:74,167
DA:75,167
DA:76,167
DA:77,167
DA:78,167
DA:79,167
DA:80,167
DA:81,167
DA:82,1336
DA:83,1336
DA:84,1336
DA:85,1336
DA:86,1336
DA:87,1336
DA:88,1336
DA:89,1336
DA:90,1336
DA:91,1336
DA:92,1336
DA:93,1336
DA:94,1336
DA:95,1336
DA:96,1336
DA:98,1336
DA:99,1336
DA:100,1336
DA:101,1336
DA:102,167
DA:103,167
DA:104,167
DA:106,167
LF:90
LH:90
BRDA:8,0,0,167
BRDA:22,1,0,9
BRDA:28,2,0,24
BRDA:31,3,0,32
BRDA:32,4,0,9
BRDA:32,5,0,23
BRDA:34,6,0,32
BRDA:43,7,0,1
BRDA:62,8,0,147
BRDA:81,9,0,1336
BRDA:92,10,0,1
BRF:11
BRH:11
end_of_record
TN:
SF:client/src/components/tools/ColorConverter.tsx
FN:8,ColorConverter
FN:18,updateFromHex
FN:30,updateFromRgb
FN:36,updateFromHsl
FN:43,rgbToHsl
FN:73,hslToRgb
FN:78,hue2rgb
FN:106,copyToClipboard
FN:126,onChange
FN:141,onChange
FN:149,onClick
FN:167,onChange
FN:180,onChange
FN:193,onChange
FN:210,onClick
FN:228,onChange
FN:241,onChange
FN:254,onChange
FN:271,onClick
FNF:19
FNH:18
FNDA:48,ColorConverter
FNDA:25,updateFromHex
FNDA:6,updateFromRgb
FNDA:8,updateFromHsl
FNDA:17,rgbToHsl
FNDA:8,hslToRgb
FNDA:21,hue2rgb
FNDA:3,copyToClipboard
FNDA:0,onChange
FNDA:16,onChange
FNDA:1,onClick
FNDA:1,onChange
FNDA:4,onChange
FNDA:1,onChange
FNDA:1,onClick
FNDA:1,onChange
FNDA:4,onChange
FNDA:3,onChange
FNDA:1,onClick
DA:1,1
DA:8,48
DA:9,48
DA:10,48
DA:11,48
DA:12,48
DA:14,48
DA:15,9
DA:16,48
DA:18,48
DA:19,25
DA:20,25
DA:21,11
DA:22,11
DA:23,11
DA:25,11
DA:26,11
DA:27,11
DA:28,25
DA:30,48
DA:31,6
DA:32,6
DA:33,6
DA:34,6
DA:36,48
DA:37,8
DA:38,8
DA:39,8
DA:40,8
DA:41,8
DA:43,48
DA:44,17
DA:45,17
DA:46,17
DA:48,17
DA:49,17
DA:50,17
DA:51,17
DA:52,17
DA:54,17
DA:55,17
DA:56,17
DA:58,17
DA:59,17
DA:60,17
DA:61,17
DA:62,17
DA:63,17
DA:64,17
DA:66,17
DA:67,17
DA:68,17
DA:69,17
DA:70,17
DA:71,17
DA:73,48
DA:74,8
DA:75,8
DA:76,8
DA:78,8
DA:79,21
DA:80,21
DA:81,21
DA:82,21
DA:83,21
DA:84,7
DA:85,21
DA:87,8
DA:89,8
DA:90,1
DA:91,8
DA:92,7
DA:93,7
DA:94,7
DA:95,7
DA:96,7
DA:97,7
DA:99,8
DA:100,8
DA:101,8
DA:102,8
DA:103,8
DA:104,8
DA:106,48
DA:107,3
DA:108,3
DA:109,3
DA:111,48
DA:112,48
DA:113,48
DA:114,48
DA:115,48
DA:117,48
DA:118,48
DA:119,48
DA:120,48
DA:121,48
DA:122,48
DA:123,48
DA:124,48
DA:125,48
DA:126,48
DA:127,0
DA:128,0
DA:129,0
DA:130,48
DA:131,48
DA:132,48
DA:133,48
DA:135,48
DA:136,48
DA:137,48
DA:138,48
DA:139,48
DA:140,48
DA:141,48
DA:142,16
DA:143,16
DA:144,16
DA:145,48
DA:146,48
DA:147,48
DA:148,48
DA:149,48
DA:150,48
DA:151,48
DA:152,48
DA:154,48
DA:155,48
DA:156,48
DA:157,48
DA:159,48
DA:160,48
DA:161,48
DA:162,48
DA:163,48
DA:164,48
DA:165,48
DA:166,48
DA:167,48
DA:168,1
DA:169,1
DA:170,1
DA:171,1
DA:172,48
DA:173,48
DA:174,48
DA:175,48
DA:176,48
DA:177,48
DA:178,48
DA:179,48
DA:180,48
DA:181,4
DA:182,4
DA:183,4
DA:184,4
DA:185,48
DA:186,48
DA:187,48
DA:188,48
DA:189,48
DA:190,48
DA:191,48
DA:192,48
DA:193,48
DA:194,1
DA:195,1
DA:196,1
DA:197,1
DA:198,48
DA:199,48
DA:200,48
DA:201,48
DA:202,48
DA:203,48
DA:204,48
DA:205,48
DA:206,48
DA:207,48
DA:208,48
DA:209,48
DA:210,48
DA:211,48
DA:212,48
DA:213,48
DA:215,48
DA:216,48
DA:217,48
DA:218,48
DA:220,48
DA:221,48
DA:222,48
DA:223,48
DA:224,48
DA:225,48
DA:226,48
DA:227,48
DA:228,48
DA:229,1
DA:230,1
DA:231,1
DA:232,1
DA:233,48
DA:234,48
DA:235,48
DA:236,48
DA:237,48
DA:238,48
DA:239,48
DA:240,48
DA:241,48
DA:242,4
DA:243,4
DA:244,4
DA:245,4
DA:246,48
DA:247,48
DA:248,48
DA:249,48
DA:250,48
DA:251,48
DA:252,48
DA:253,48
DA:254,48
DA:255,3
DA:256,3
DA:257,3
DA:258,3
DA:259,48
DA:260,48
DA:261,48
DA:262,48
DA:263,48
DA:264,48
DA:265,48
DA:266,48
DA:267,48
DA:268,48
DA:269,48
DA:270,48
DA:271,48
DA:272,48
DA:273,48
DA:274,48
DA:276,48
DA:277,48
DA:278,48
DA:279,48
DA:280,48
DA:281,48
DA:283,48
LF:252
LH:249
BRDA:8,0,0,48
BRDA:14,1,0,9
BRDA:18,2,0,25
BRDA:20,3,0,11
BRDA:30,4,0,6
BRDA:36,5,0,8
BRDA:43,6,0,17
BRDA:56,7,0,9
BRDA:56,8,0,8
BRDA:59,9,0,1
BRDA:59,10,0,0
BRDA:60,11,0,2
BRDA:61,12,0,14
BRDA:73,13,0,8
BRDA:89,14,0,1
BRDA:91,15,0,7
BRDA:92,16,0,2
BRDA:92,17,0,5
BRDA:78,18,0,21
BRDA:79,19,0,7
BRDA:80,20,0,0
BRDA:81,21,0,7
BRDA:81,22,0,14
BRDA:82,23,0,7
BRDA:83,24,0,0
BRDA:83,25,0,7
BRDA:106,26,0,3
BRDA:141,27,0,16
BRDA:149,28,0,1
BRDA:167,29,0,1
BRDA:180,30,0,4
BRDA:181,31,0,1
BRDA:193,32,0,1
BRDA:210,33,0,1
BRDA:228,34,0,1
BRDA:241,35,0,4
BRDA:242,36,0,1
BRDA:254,37,0,3
BRDA:255,38,0,1
BRDA:271,39,0,1
BRF:40
BRH:37
end_of_record
TN:
SF:client/src/components/tools/CronParser.tsx
FN:9,CronParser
FN:13,handleParse
FN:39,onChange
FNF:3
FNH:3
FNDA:56,CronParser
FNDA:5,handleParse
FNDA:44,onChange
DA:1,1
DA:2,1
DA:3,1
DA:4,1
DA:5,1
DA:6,1
DA:7,1
DA:9,1
DA:10,56
DA:11,56
DA:13,56
DA:14,5
DA:15,5
DA:16,5
DA:17,5
DA:18,20
DA:19,20
DA:20,4
DA:21,5
DA:22,1
DA:23,1
DA:24,1
DA:25,0
DA:26,0
DA:27,1
DA:28,5
DA:30,56
DA:31,56
DA:32,56
DA:33,56
DA:34,56
DA:36,56
DA:37,56
DA:38,56
DA:39,56
DA:40,56
DA:41,56
DA:42,56
DA:43,56
DA:44,56
DA:45,56
DA:46,56
DA:48,56
DA:50,1
LF:44
LH:42
BRDA:9,0,0,56
BRDA:13,1,0,5
BRDA:17,2,0,20
BRDA:19,3,0,4
BRDA:21,4,0,1
BRDA:24,5,0,0
BRDA:39,6,0,44
BRF:7
BRH:6
end_of_record
TN:
SF:client/src/components/tools/CssFormatter.tsx
FN:7,CssFormatter
FN:11,handleFormat
FN:23,handleMinify
FN:38,onChange
FNF:4
FNH:4
FNDA:13,CssFormatter
FNDA:3,handleFormat
FNDA:1,handleMinify
FNDA:4,onChange
DA:1,1
DA:2,1
DA:3,1
DA:4,1
DA:5,1
DA:7,1
DA:8,13
DA:9,13
DA:11,13
DA:12,3
DA:13,3
DA:14,3
DA:15,3
DA:16,3
DA:17,3
DA:18,3
DA:19,0
DA:20,0
DA:21,3
DA:23,13
DA:24,1
DA:25,1
DA:26,1
DA:27,1
DA:28,0
DA:29,0
DA:30,1
DA:32,13
DA:33,13
DA:34,13
DA:35,13
DA:36,13
DA:37,13
DA:38,13
DA:39,13
DA:40,13
DA:41,13
DA:42,13
DA:43,13
DA:44,13
DA:45,13
DA:46,13
DA:47,13
DA:48,13
DA:49,13
DA:50,13
DA:51,13
DA:52,13
DA:53,13
DA:54,13
DA:55,13
DA:56,13
DA:58,13
DA:60,1
LF:54
LH:50
BRDA:7,0,0,13
BRDA:11,1,0,3
BRDA:18,2,0,0
BRDA:23,3,0,1
BRDA:27,4,0,0
BRDA:38,5,0,4
BRF:6
BRH:4
end_of_record
TN:
SF:client/src/components/tools/CsvToJsonConverter.tsx
FN:1,(empty-report)
FNF:1
FNH:0
FNDA:0,(empty-report)
DA:1,0
DA:2,0
DA:3,0
DA:4,0
DA:6,0
DA:7,0
DA:8,0
DA:10,0
DA:11,0
DA:12,0
DA:13,0
DA:14,0
DA:15,0
DA:16,0
DA:17,0
DA:19,0
DA:20,0
DA:21,0
DA:22,0
DA:23,0
DA:24,0
DA:25,0
DA:26,0
DA:27,0
DA:28,0
DA:29,0
DA:30,0
DA:31,0
DA:32,0
DA:33,0
DA:34,0
DA:35,0
DA:36,0
DA:37,0
DA:38,0
DA:39,0
DA:40,0
DA:41,0
DA:42,0
DA:44,0
DA:46,0
LF:41
LH:0
BRDA:1,0,0,0
BRF:1
BRH:0
end_of_record
TN:
SF:client/src/components/tools/DateCalculator.tsx
FN:1,(empty-report)
FNF:1
FNH:0
FNDA:0,(empty-report)
DA:1,0
DA:7,0
DA:8,0
DA:9,0
DA:10,0
DA:11,0
DA:12,0
DA:13,0
DA:14,0
DA:15,0
DA:16,0
DA:17,0
DA:18,0
DA:20,0
DA:21,0
DA:23,0
DA:24,0
DA:25,0
DA:27,0
DA:28,0
DA:29,0
DA:30,0
DA:31,0
DA:32,0
DA:33,0
DA:35,0
DA:36,0
DA:37,0
DA:38,0
DA:39,0
DA:40,0
DA:41,0
DA:42,0
DA:43,0
DA:44,0
DA:46,0
DA:47,0
DA:48,0
DA:49,0
DA:50,0
DA:51,0
DA:52,0
DA:53,0
DA:55,0
DA:56,0
DA:57,0
DA:58,0
DA:59,0
DA:61,0
DA:62,0
DA:64,0
DA:65,0
DA:66,0
DA:67,0
DA:68,0
DA:69,0
DA:71,0
DA:72,0
DA:73,0
DA:74,0
DA:75,0
DA:76,0
DA:77,0
DA:78,0
DA:79,0
DA:80,0
DA:81,0
DA:82,0
DA:83,0
DA:84,0
DA:86,0
DA:87,0
DA:88,0
DA:90,0
DA:91,0
DA:93,0
DA:94,0
DA:95,0
DA:96,0
DA:97,0
DA:98,0
DA:99,0
DA:100,0
DA:101,0
DA:102,0
DA:103,0
DA:104,0
DA:105,0
DA:106,0
DA:108,0
DA:109,0
DA:110,0
DA:111,0
DA:113,0
DA:114,0
DA:115,0
DA:116,0
DA:117,0
DA:118,0
DA:120,0
DA:122,0
DA:123,0
DA:124,0
DA:125,0
DA:126,0
DA:127,0
DA:128,0
DA:129,0
DA:130,0
DA:131,0
DA:132,0
DA:133,0
DA:134,0
DA:135,0
DA:136,0
DA:137,0
DA:138,0
DA:139,0
DA:140,0
DA:142,0
DA:143,0
DA:145,0
LF:122
LH:0
BRDA:1,0,0,0
BRF:1
BRH:0
end_of_record
TN:
SF:client/src/components/tools/DiffTool.tsx
FN:7,DiffTool
FN:12,generateDiff
FN:34,loadSample
FN:46,getDiffLineClass
FN:79,onChange
FN:93,onChange
FNF:6
FNH:6
FNDA:91,DiffTool
FNDA:5,generateDiff
FNDA:1,loadSample
FNDA:9,getDiffLineClass
FNDA:37,onChange
FNDA:41,onChange
DA:1,1
DA:7,91
DA:8,91
DA:9,91
DA:10,91
DA:12,91
DA:13,5
DA:14,5
DA:15,5
DA:17,5
DA:19,5
DA:20,6
DA:21,6
DA:23,6
DA:24,3
DA:25,3
DA:26,3
DA:27,3
DA:28,3
DA:29,6
DA:31,5
DA:32,5
DA:34,91
DA:35,1
DA:38,1
DA:39,1
DA:43,1
DA:44,1
DA:46,91
DA:47,9
DA:48,3
DA:49,9
DA:50,3
DA:51,3
DA:52,3
DA:53,9
DA:55,91
DA:56,91
DA:57,91
DA:58,91
DA:59,91
DA:61,91
DA:62,91
DA:64,91
DA:65,91
DA:67,91
DA:68,91
DA:70,91
DA:71,91
DA:72,91
DA:74,91
DA:75,91
DA:76,91
DA:77,91
DA:78,91
DA:79,91
DA:80,91
DA:81,91
DA:82,91
DA:83,91
DA:85,91
DA:86,91
DA:88,91
DA:89,91
DA:90,91
DA:91,91
DA:92,91
DA:93,91
DA:94,91
DA:95,91
DA:96,91
DA:97,91
DA:98,91
DA:100,91
DA:101,5
DA:102,5
DA:104,5
DA:105,5
DA:106,5
DA:107,5
DA:108,5
DA:109,5
DA:110,9
DA:111,9
DA:112,9
DA:113,9
DA:115,9
DA:116,9
DA:117,5
DA:118,5
DA:119,5
DA:121,91
DA:123,91
LF:93
LH:93
BRDA:7,0,0,91
BRDA:100,1,0,5
BRDA:12,2,0,5
BRDA:19,3,0,6
BRDA:20,4,0,1
BRDA:21,5,0,1
BRDA:23,6,0,3
BRDA:34,7,0,1
BRDA:46,8,0,9
BRDA:47,9,0,3
BRDA:49,10,0,6
BRDA:49,11,0,3
BRDA:51,12,0,3
BRDA:79,13,0,37
BRDA:93,14,0,41
BRDA:109,15,0,9
BRF:16
BRH:16
end_of_record
TN:
SF:client/src/components/tools/HashGenerator.tsx
FN:9,HashGenerator
FN:19,generateHashes
FN:50,generateMD5
FN:56,arrayBufferToHex
FN:63,copyToClipboard
FN:82,onChange
FN:109,onClick
FNF:7
FNH:7
FNDA:37,HashGenerator
FNDA:6,generateHashes
FNDA:5,generateMD5
FNDA:15,arrayBufferToHex
FNDA:2,copyToClipboard
FNDA:25,onChange
FNDA:2,onClick
DA:1,1
DA:9,37
DA:10,37
DA:11,37
DA:12,37
DA:13,37
DA:14,37
DA:15,37
DA:16,37
DA:17,37
DA:19,37
DA:20,6
DA:22,5
DA:23,5
DA:25,5
DA:27,5
DA:28,5
DA:29,5
DA:30,5
DA:31,5
DA:34,5
DA:36,5
DA:37,5
DA:38,5
DA:39,5
DA:40,5
DA:41,5
DA:42,6
DA:43,0
DA:44,0
DA:45,0
DA:46,0
DA:47,0
DA:48,6
DA:50,37
DA:53,5
DA:54,5
DA:56,37
DA:57,15
DA:58,15
DA:59,15
DA:60,15
DA:61,15
DA:63,37
DA:64,2
DA:65,2
DA:66,2
DA:68,37
DA:69,37
DA:70,37
DA:71,37
DA:72,37
DA:74,37
DA:75,37
DA:77,37
DA:78,37
DA:79,37
DA:80,37
DA:81,37
DA:82,37
DA:83,37
DA:84,37
DA:85,37
DA:86,37
DA:88,37
DA:89,37
DA:91,37
DA:92,5
DA:93,5
DA:94,5
DA:95,5
DA:96,5
DA:97,5
DA:98,5
DA:99,20
DA:100,20
DA:101,20
DA:102,20
DA:103,20
DA:104,20
DA:105,20
DA:106,20
DA:107,20
DA:108,20
DA:109,20
DA:110,20
DA:111,20
DA:112,20
DA:113,20
DA:115,20
DA:116,20
DA:117,20
DA:118,20
DA:119,5
DA:120,5
DA:122,37
DA:124,37
LF:97
LH:92
BRDA:9,0,0,37
BRDA:91,1,0,5
BRDA:19,2,0,6
BRDA:20,3,0,1
BRDA:20,4,0,5
BRDA:42,5,0,0
BRDA:50,6,0,5
BRDA:56,7,0,15
BRDA:59,8,0,60
BRDA:63,9,0,2
BRDA:82,10,0,25
BRDA:91,11,0,133
BRDA:98,12,0,20
BRDA:109,13,0,2
BRF:14
BRH:13
end_of_record
TN:
SF:client/src/components/tools/HtmlEscape.tsx
FN:8,HtmlEscape
FN:13,escapeHtml
FN:23,unescapeHtml
FN:33,copyToClipboard
FN:38,loadSample
FN:57,onChange
FNF:6
FNH:6
FNDA:113,HtmlEscape
FNDA:4,escapeHtml
FNDA:1,unescapeHtml
FNDA:1,copyToClipboard
FNDA:2,loadSample
FNDA:98,onChange
DA:1,1
DA:8,113
DA:9,113
DA:10,113
DA:11,113
DA:13,113
DA:14,4
DA:15,4
DA:16,4
DA:17,4
DA:18,4
DA:19,4
DA:20,4
DA:21,4
DA:23,113
DA:24,1
DA:25,1
DA:26,1
DA:27,1
DA:28,1
DA:29,1
DA:30,1
DA:31,1
DA:33,113
DA:34,1
DA:35,1
DA:36,1
DA:38,113
DA:39,2
DA:40,2
DA:42,113
DA:43,113
DA:44,113
DA:45,113
DA:46,113
DA:48,113
DA:49,113
DA:50,113
DA:52,113
DA:53,113
DA:54,113
DA:55,113
DA:56,113
DA:57,113
DA:58,113
DA:59,113
DA:60,113
DA:61,113
DA:62,113
DA:64,113
DA:65,113
DA:67,113
DA:68,113
DA:70,113
DA:71,113
DA:72,113
DA:74,113
DA:75,113
DA:77,113
DA:78,113
DA:79,113
DA:80,113
DA:81,113
DA:82,113
DA:83,113
DA:84,113
DA:85,113
DA:86,113
DA:87,113
DA:88,113
DA:89,113
DA:90,113
DA:92,113
DA:94,113
DA:95,113
DA:96,113
DA:98,113
DA:99,113
DA:100,113
DA:101,113
DA:102,113
DA:103,113
DA:104,113
DA:105,113
DA:106,113
DA:107,113
DA:108,113
DA:110,113
LF:88
LH:88
BRDA:8,0,0,113
BRDA:13,1,0,4
BRDA:23,2,0,1
BRDA:33,3,0,1
BRDA:38,4,0,2
BRDA:57,5,0,98
BRF:6
BRH:6
end_of_record
TN:
SF:client/src/components/tools/HttpStatusCodeReference.tsx
FN:1,(empty-report)
FNF:1
FNH:0
FNDA:0,(empty-report)
DA:1,0
DA:3,0
DA:4,0
DA:5,0
DA:6,0
DA:7,0
DA:8,0
DA:9,0
DA:10,0
DA:11,0
DA:12,0
DA:13,0
DA:14,0
DA:15,0
DA:16,0
DA:17,0
DA:18,0
DA:19,0
DA:20,0
DA:21,0
DA:23,0
DA:24,0
DA:25,0
DA:26,0
DA:27,0
DA:28,0
DA:29,0
DA:30,0
DA:31,0
DA:32,0
DA:33,0
DA:34,0
DA:35,0
DA:37,0
DA:39,0
LF:35
LH:0
BRDA:1,0,0,0
BRF:1
BRH:0
end_of_record
TN:
SF:client/src/components/tools/JsJsonMinifier.tsx
FN:1,(empty-report)
FNF:1
FNH:0
FNDA:0,(empty-report)
DA:1,0
DA:2,0
DA:3,0
DA:4,0
DA:6,0
DA:7,0
DA:8,0
DA:10,0
DA:11,0
DA:12,0
DA:13,0
DA:14,0
DA:15,0
DA:16,0
DA:17,0
DA:19,0
DA:20,0
DA:21,0
DA:22,0
DA:23,0
DA:24,0
DA:25,0
DA:26,0
DA:27,0
DA:28,0
DA:29,0
DA:30,0
DA:31,0
DA:32,0
DA:33,0
DA:34,0
DA:35,0
DA:36,0
DA:37,0
DA:38,0
DA:39,0
DA:40,0
DA:41,0
DA:42,0
DA:44,0
DA:46,0
LF:41
LH:0
BRDA:1,0,0,0
BRF:1
BRH:0
end_of_record
TN:
SF:client/src/components/tools/JsonFormatter.tsx
FN:8,JsonFormatter
FN:14,formatJson
FN:26,minifyJson
FN:38,copyToClipboard
FN:58,onChange
FNF:5
FNH:5
FNDA:17,JsonFormatter
FNDA:4,formatJson
FNDA:1,minifyJson
FNDA:1,copyToClipboard
FNDA:5,onChange
DA:1,1
DA:8,17
DA:9,17
DA:10,17
DA:11,17
DA:12,17
DA:14,17
DA:15,4
DA:16,4
DA:17,4
DA:18,4
DA:19,4
DA:20,4
DA:21,1
DA:22,1
DA:23,1
DA:24,4
DA:26,17
DA:27,1
DA:28,1
DA:29,1
DA:30,1
DA:31,1
DA:32,1
DA:33,0
DA:34,0
DA:35,0
DA:36,1
DA:38,17
DA:39,1
DA:40,1
DA:41,1
DA:43,17
DA:44,17
DA:45,17
DA:46,17
DA:47,17
DA:49,17
DA:50,17
DA:51,17
DA:53,17
DA:54,17
DA:55,17
DA:56,17
DA:57,17
DA:58,17
DA:59,17
DA:60,17
DA:61,17
DA:62,17
DA:63,17
DA:65,17
DA:66,17
DA:68,17
DA:69,17
DA:70,17
DA:72,17
DA:73,17
DA:75,17
DA:76,17
DA:77,17
DA:78,17
DA:79,17
DA:80,17
DA:81,17
DA:82,17
DA:83,17
DA:84,17
DA:85,17
DA:86,17
DA:87,17
DA:88,17
DA:90,17
DA:92,17
DA:93,17
DA:94,17
DA:95,17
DA:97,17
LF:78
LH:75
BRDA:8,0,0,17
BRDA:81,1,0,16
BRDA:81,2,0,1
BRDA:14,3,0,4
BRDA:20,4,0,1
BRDA:21,5,0,0
BRDA:26,6,0,1
BRDA:32,7,0,0
BRDA:38,8,0,1
BRDA:58,9,0,5
BRF:10
BRH:8
end_of_record
TN:
SF:client/src/components/tools/JsonToPythonConverter.tsx
FN:1,(empty-report)
FNF:1
FNH:0
FNDA:0,(empty-report)
DA:1,0
DA:2,0
DA:3,0
DA:5,0
DA:6,0
DA:7,0
DA:9,0
DA:10,0
DA:11,0
DA:12,0
DA:13,0
DA:14,0
DA:15,0
DA:16,0
DA:17,0
DA:18,0
DA:19,0
DA:21,0
DA:22,0
DA:23,0
DA:24,0
DA:25,0
DA:26,0
DA:27,0
DA:28,0
DA:29,0
DA:30,0
DA:31,0
DA:32,0
DA:33,0
DA:34,0
DA:35,0
DA:36,0
DA:37,0
DA:38,0
DA:39,0
DA:40,0
DA:41,0
DA:42,0
DA:43,0
DA:44,0
DA:46,0
DA:48,0
LF:43
LH:0
BRDA:1,0,0,0
BRF:1
BRH:0
end_of_record
TN:
SF:client/src/components/tools/JsonValidator.tsx
FN:8,JsonValidator
FN:14,validateJson
FN:54,onChange
FN:68,onChange
FNF:4
FNH:4
FNDA:49,JsonValidator
FNDA:6,validateJson
FNDA:17,onChange
FNDA:19,onChange
DA:1,1
DA:8,49
DA:9,49
DA:10,49
DA:11,49
DA:12,49
DA:14,49
DA:15,6
DA:16,6
DA:17,6
DA:19,6
DA:20,6
DA:21,6
DA:23,6
DA:24,2
DA:25,2
DA:26,2
DA:27,2
DA:28,2
DA:29,2
DA:30,2
DA:31,2
DA:32,2
DA:33,6
DA:34,2
DA:35,2
DA:36,2
DA:37,6
DA:39,49
DA:40,49
DA:41,49
DA:42,49
DA:43,49
DA:45,49
DA:46,49
DA:47,49
DA:49,49
DA:50,49
DA:51,49
DA:52,49
DA:53,49
DA:54,49
DA:55,49
DA:56,49
DA:57,49
DA:58,49
DA:60,49
DA:61,49
DA:63,49
DA:64,49
DA:65,49
DA:66,49
DA:67,49
DA:68,49
DA:69,49
DA:70,49
DA:71,49
DA:72,49
DA:73,49
DA:75,49
DA:76,49
DA:78,49
DA:80,49
DA:81,6
DA:82,6
DA:83,6
DA:84,2
DA:86,4
DA:88,6
DA:89,6
DA:90,6
DA:91,6
DA:92,6
DA:94,49
DA:96,49
LF:75
LH:75
BRDA:8,0,0,49
BRDA:80,1,0,6
BRDA:81,2,0,2
BRDA:81,3,0,4
BRDA:83,4,0,2
BRDA:84,5,0,4
BRDA:14,6,0,6
BRDA:23,7,0,2
BRDA:29,8,0,0
BRDA:33,9,0,2
BRDA:34,10,0,0
BRDA:27,11,0,2
BRDA:28,12,0,1
BRDA:54,13,0,17
BRDA:68,14,0,19
BRF:15
BRH:13
end_of_record
TN:
SF:client/src/components/tools/JwtDecoder.tsx
FN:1,(empty-report)
FNF:1
FNH:0
FNDA:0,(empty-report)
DA:1,0
DA:8,0
DA:9,0
DA:10,0
DA:11,0
DA:12,0
DA:13,0
DA:14,0
DA:15,0
DA:16,0
DA:18,0
DA:19,0
DA:20,0
DA:21,0
DA:22,0
DA:23,0
DA:25,0
DA:28,0
DA:29,0
DA:31,0
DA:32,0
DA:33,0
DA:34,0
DA:35,0
DA:36,0
DA:37,0
DA:38,0
DA:39,0
DA:40,0
DA:41,0
DA:42,0
DA:43,0
DA:44,0
DA:45,0
DA:47,0
DA:48,0
DA:49,0
DA:50,0
DA:52,0
DA:54,0
DA:55,0
DA:56,0
DA:58,0
DA:59,0
DA:60,0
DA:61,0
DA:62,0
DA:64,0
DA:65,0
DA:66,0
DA:68,0
DA:69,0
DA:70,0
DA:71,0
DA:72,0
DA:73,0
DA:74,0
DA:75,0
DA:76,0
DA:77,0
DA:78,0
DA:80,0
DA:81,0
DA:83,0
DA:84,0
DA:85,0
DA:87,0
DA:88,0
DA:89,0
DA:90,0
DA:91,0
DA:92,0
DA:93,0
DA:94,0
DA:95,0
DA:96,0
DA:98,0
DA:100,0
DA:101,0
DA:102,0
DA:103,0
DA:104,0
DA:105,0
DA:106,0
DA:107,0
DA:108,0
DA:110,0
DA:111,0
DA:112,0
DA:113,0
DA:114,0
DA:115,0
DA:116,0
DA:117,0
DA:118,0
DA:120,0
DA:122,0
DA:123,0
DA:124,0
DA:125,0
DA:126,0
DA:127,0
DA:128,0
DA:129,0
DA:130,0
DA:133,0
DA:134,0
DA:135,0
DA:136,0
DA:137,0
DA:138,0
DA:139,0
DA:140,0
DA:141,0
DA:143,0
DA:145,0
DA:146,0
DA:147,0
DA:148,0
DA:149,0
DA:150,0
DA:151,0
DA:152,0
DA:153,0
DA:155,0
DA:157,0
DA:158,0
DA:160,0
LF:128
LH:0
BRDA:1,0,0,0
BRF:1
BRH:0
end_of_record
TN:
SF:client/src/components/tools/MarkdownPreviewer.tsx
FN:1,(empty-report)
FNF:1
FNH:0
FNDA:0,(empty-report)
DA:1,0
DA:9,0
DA:10,0
DA:11,0
DA:12,0
DA:14,0
DA:15,0
DA:16,0
DA:17,0
DA:18,0
DA:19,0
DA:20,0
DA:21,0
DA:22,0
DA:23,0
DA:24,0
DA:26,0
DA:27,0
DA:60,0
DA:61,0
DA:63,0
DA:64,0
DA:65,0
DA:66,0
DA:67,0
DA:69,0
DA:70,0
DA:72,0
DA:73,0
DA:74,0
DA:75,0
DA:76,0
DA:77,0
DA:78,0
DA:79,0
DA:81,0
DA:83,0
DA:84,0
DA:85,0
DA:86,0
DA:87,0
DA:89,0
DA:91,0
DA:92,0
DA:94,0
DA:95,0
DA:97,0
DA:98,0
DA:99,0
DA:101,0
DA:102,0
DA:103,0
DA:104,0
DA:105,0
DA:106,0
DA:107,0
DA:108,0
DA:109,0
DA:110,0
DA:112,0
DA:113,0
DA:114,0
DA:115,0
DA:116,0
DA:117,0
DA:118,0
DA:119,0
DA:120,0
DA:121,0
DA:123,0
DA:124,0
DA:125,0
DA:126,0
DA:127,0
DA:128,0
DA:130,0
DA:131,0
DA:132,0
DA:133,0
DA:135,0
LF:80
LH:0
BRDA:1,0,0,0
BRF:1
BRH:0
end_of_record
TN:
SF:client/src/components/tools/StripWhitespace.tsx
FN:1,(empty-report)
FNF:1
FNH:0
FNDA:0,(empty-report)
DA:1,0
DA:8,0
DA:9,0
DA:10,0
DA:11,0
DA:13,0
DA:14,0
DA:15,0
DA:16,0
DA:18,0
DA:19,0
DA:20,0
DA:21,0
DA:23,0
DA:24,0
DA:25,0
DA:26,0
DA:28,0
DA:29,0
DA:30,0
DA:31,0
DA:33,0
DA:34,0
DA:35,0
DA:36,0
DA:38,0
DA:39,0
DA:40,0
DA:41,0
DA:42,0
DA:43,0
DA:44,0
DA:45,0
DA:47,0
DA:48,0
DA:49,0
DA:50,0
DA:52,0
DA:53,0
DA:59,0
DA:60,0
DA:62,0
DA:63,0
DA:64,0
DA:65,0
DA:66,0
DA:68,0
DA:69,0
DA:71,0
DA:72,0
DA:73,0
DA:74,0
DA:75,0
DA:76,0
DA:78,0
DA:79,0
DA:80,0
DA:81,0
DA:82,0
DA:83,0
DA:84,0
DA:85,0
DA:86,0
DA:87,0
DA:89,0
DA:90,0
DA:92,0
DA:93,0
DA:95,0
DA:96,0
DA:97,0
DA:98,0
DA:99,0
DA:100,0
DA:101,0
DA:102,0
DA:103,0
DA:104,0
DA:105,0
DA:106,0
DA:107,0
DA:108,0
DA:110,0
DA:112,0
DA:113,0
DA:114,0
DA:116,0
DA:117,0
DA:119,0
DA:120,0
DA:122,0
DA:123,0
DA:125,0
DA:126,0
DA:128,0
DA:129,0
DA:131,0
DA:132,0
DA:134,0
DA:135,0
DA:137,0
DA:138,0
DA:139,0
DA:140,0
DA:141,0
DA:142,0
DA:143,0
DA:144,0
DA:145,0
DA:146,0
DA:147,0
DA:148,0
DA:149,0
DA:151,0
LF:114
LH:0
BRDA:1,0,0,0
BRF:1
BRH:0
end_of_record
TN:
SF:client/src/components/tools/TimestampConverter.tsx
FN:8,TimestampConverter
FN:20,convertFromTimestamp
FN:37,convertFromDateTime
FN:54,getCurrentTimestamp
FN:68,getRelativeTime
FN:79,copyToClipboard
FN:100,onChange
FN:119,onChange
FN:151,onClick
FNF:9
FNH:9
FNDA:54,TimestampConverter
FNDA:4,convertFromTimestamp
FNDA:1,convertFromDateTime
FNDA:1,getCurrentTimestamp
FNDA:5,getRelativeTime
FNDA:2,copyToClipboard
FNDA:40,onChange
FNDA:1,onChange
FNDA:2,onClick
DA:1,1
DA:8,54
DA:9,54
DA:10,54
DA:11,54
DA:12,54
DA:13,54
DA:14,54
DA:15,54
DA:16,54
DA:17,54
DA:18,54
DA:20,54
DA:21,4
DA:22,4
DA:23,4
DA:25,4
DA:26,4
DA:27,4
DA:28,4
DA:29,4
DA:30,4
DA:31,4
DA:32,4
DA:33,0
DA:34,0
DA:35,4
DA:37,54
DA:38,1
DA:39,1
DA:40,1
DA:42,1
DA:43,1
DA:44,1
DA:45,1
DA:46,1
DA:47,1
DA:48,1
DA:49,1
DA:50,0
DA:51,0
DA:52,1
DA:54,54
DA:55,1
DA:56,1
DA:58,1
DA:59,1
DA:60,1
DA:61,1
DA:62,1
DA:63,1
DA:64,1
DA:65,1
DA:66,1
DA:68,54
DA:69,5
DA:70,5
DA:71,5
DA:73,5
DA:74,5
DA:75,5
DA:76,5
DA:77,5
DA:79,54
DA:80,2
DA:81,2
DA:82,2
DA:84,54
DA:85,54
DA:86,54
DA:87,54
DA:88,54
DA:90,54
DA:91,54
DA:92,54
DA:94,54
DA:95,54
DA:96,54
DA:97,54
DA:98,54
DA:99,54
DA:100,54
DA:101,54
DA:102,54
DA:103,54
DA:104,54
DA:106,54
DA:107,54
DA:108,54
DA:110,54
DA:111,54
DA:113,54
DA:114,54
DA:115,54
DA:116,54
DA:117,54
DA:118,54
DA:119,54
DA:120,54
DA:121,54
DA:122,54
DA:124,54
DA:125,54
DA:126,54
DA:127,54
DA:129,54
DA:131,54
DA:133,54
DA:134,6
DA:135,6
DA:136,6
DA:137,6
DA:138,6
DA:139,6
DA:140,6
DA:141,6
DA:142,30
DA:143,30
DA:144,30
DA:145,30
DA:146,30
DA:147,30
DA:148,30
DA:149,30
DA:150,30
DA:151,30
DA:152,30
DA:153,30
DA:154,30
DA:156,30
DA:157,30
DA:158,30
DA:159,6
DA:160,6
DA:162,54
DA:164,54
LF:136
LH:132
BRDA:8,0,0,54
BRDA:133,1,0,6
BRDA:20,2,0,4
BRDA:32,3,0,0
BRDA:37,4,0,1
BRDA:49,5,0,0
BRDA:54,6,0,1
BRDA:68,7,0,5
BRDA:73,8,0,0
BRDA:74,9,0,0
BRDA:75,10,0,0
BRDA:79,11,0,2
BRDA:100,12,0,40
BRDA:119,13,0,1
BRDA:141,14,0,30
BRDA:151,15,0,2
BRF:16
BRH:11
end_of_record
TN:
SF:client/src/components/tools/UnitConverter.tsx
FN:1,(empty-report)
FNF:1
FNH:0
FNDA:0,(empty-report)
DA:1,0
DA:2,0
DA:3,0
DA:4,0
DA:5,0
DA:7,0
DA:17,0
DA:18,0
DA:19,0
DA:20,0
DA:21,0
DA:22,0
DA:24,0
DA:25,0
DA:26,0
DA:28,0
DA:29,0
DA:30,0
DA:31,0
DA:32,0
DA:33,0
DA:35,0
DA:36,0
DA:37,0
DA:38,0
DA:39,0
DA:40,0
DA:41,0
DA:42,0
DA:43,0
DA:44,0
DA:45,0
DA:46,0
DA:47,0
DA:48,0
DA:49,0
DA:50,0
DA:51,0
DA:52,0
DA:53,0
DA:54,0
DA:55,0
DA:56,0
DA:57,0
DA:58,0
DA:59,0
DA:60,0
DA:61,0
DA:62,0
DA:63,0
DA:64,0
DA:65,0
DA:66,0
DA:67,0
DA:68,0
DA:69,0
DA:70,0
DA:71,0
DA:72,0
DA:73,0
DA:74,0
DA:75,0
DA:77,0
DA:79,0
LF:64
LH:0
BRDA:1,0,0,0
BRF:1
BRH:0
end_of_record
TN:
SF:client/src/components/tools/UrlEncoder.tsx
FN:8,UrlEncoder
FN:13,encode
FN:18,decode
FN:27,copyToClipboard
FN:47,onChange
FNF:5
FNH:5
FNDA:92,UrlEncoder
FNDA:3,encode
FNDA:2,decode
FNDA:1,copyToClipboard
FNDA:80,onChange
DA:1,1
DA:8,92
DA:9,92
DA:10,92
DA:11,92
DA:13,92
DA:14,3
DA:15,3
DA:16,3
DA:18,92
DA:19,2
DA:20,2
DA:21,2
DA:22,2
DA:23,1
DA:24,1
DA:25,2
DA:27,92
DA:28,1
DA:29,1
DA:30,1
DA:32,92
DA:33,92
DA:34,92
DA:35,92
DA:36,92
DA:38,92
DA:39,92
DA:40,92
DA:42,92
DA:43,92
DA:44,92
DA:45,92
DA:46,92
DA:47,92
DA:48,92
DA:49,92
DA:50,92
DA:51,92
DA:52,92
DA:54,92
DA:55,92
DA:57,92
DA:58,92
DA:59,92
DA:61,92
DA:62,92
DA:64,92
DA:65,92
DA:66,92
DA:67,92
DA:68,92
DA:69,92
DA:70,92
DA:71,92
DA:72,92
DA:73,92
DA:74,92
DA:75,92
DA:76,92
DA:77,92
DA:79,92
DA:81,92
DA:82,92
DA:83,92
DA:84,92
DA:86,92
LF:67
LH:67
BRDA:8,0,0,92
BRDA:13,1,0,3
BRDA:18,2,0,2
BRDA:22,3,0,1
BRDA:23,4,0,0
BRDA:27,5,0,1
BRDA:47,6,0,80
BRF:7
BRH:6
end_of_record
TN:
SF:client/src/components/tools/UuidGenerator.tsx
FN:8,UuidGenerator
FN:13,generateUuid
FN:17,generateUuids
FN:22,generateSingle
FN:27,copyToClipboard
FN:32,copyAllToClipboard
FN:54,onChange
FN:90,onClick
FNF:8
FNH:8
FNDA:20,UuidGenerator
FNDA:62,generateUuid
FNDA:5,generateUuids
FNDA:2,generateSingle
FNDA:1,copyToClipboard
FNDA:1,copyAllToClipboard
FNDA:10,onChange
FNDA:1,onClick
DA:1,1
DA:8,20
DA:9,20
DA:10,20
DA:11,20
DA:13,20
DA:14,62
DA:15,62
DA:17,20
DA:18,5
DA:19,5
DA:20,5
DA:22,20
DA:23,2
DA:24,2
DA:25,2
DA:27,20
DA:28,1
DA:29,1
DA:30,1
DA:32,20
DA:33,1
DA:34,1
DA:35,1
DA:37,20
DA:38,20
DA:39,20
DA:40,20
DA:41,20
DA:43,20
DA:44,20
DA:45,20
DA:47,20
DA:48,20
DA:49,20
DA:50,20
DA:51,20
DA:52,20
DA:53,20
DA:54,20
DA:55,20
DA:56,20
DA:57,20
DA:58,20
DA:59,20
DA:61,20
DA:62,20
DA:64,20
DA:65,20
DA:67,20
DA:68,20
DA:69,5
DA:70,5
DA:72,5
DA:74,20
DA:76,20
DA:77,7
DA:78,7
DA:79,7
DA:80,7
DA:81,7
DA:82,62
DA:83,62
DA:84,62
DA:85,62
DA:86,62
DA:87,62
DA:88,62
DA:89,62
DA:90,62
DA:91,62
DA:92,62
DA:93,62
DA:95,62
DA:96,62
DA:97,62
DA:98,7
DA:99,7
DA:101,20
DA:103,20
LF:80
LH:80
BRDA:8,0,0,20
BRDA:68,1,0,5
BRDA:76,2,0,7
BRDA:13,3,0,62
BRDA:17,4,0,5
BRDA:22,5,0,2
BRDA:27,6,0,1
BRDA:32,7,0,1
BRDA:54,8,0,10
BRDA:54,9,0,5
BRDA:81,10,0,62
BRDA:90,11,0,1
BRF:12
BRH:12
end_of_record
TN:
SF:client/src/components/tools/WordCounter.tsx
FN:6,WordCounter
FN:49,onChange
FNF:2
FNH:2
FNDA:280,WordCounter
FNDA:131,onChange
DA:1,1
DA:6,280
DA:7,280
DA:8,280
DA:9,280
DA:10,280
DA:11,280
DA:12,280
DA:13,280
DA:14,280
DA:15,280
DA:17,280
DA:18,140
DA:19,140
DA:20,140
DA:21,140
DA:22,140
DA:23,140
DA:25,140
DA:26,140
DA:27,140
DA:28,140
DA:29,140
DA:30,140
DA:31,140
DA:32,140
DA:33,280
DA:35,280
DA:36,280
DA:37,280
DA:38,280
DA:39,280
DA:41,280
DA:42,280
DA:44,280
DA:45,280
DA:46,280
DA:47,280
DA:48,280
DA:49,280
DA:50,280
DA:51,280
DA:52,280
DA:53,280
DA:55,280
DA:56,280
DA:57,280
DA:58,280
DA:59,280
DA:60,280
DA:61,280
DA:63,280
DA:64,280
DA:65,280
DA:66,280
DA:67,280
DA:68,280
DA:70,280
DA:71,280
DA:72,280
DA:73,280
DA:74,280
DA:75,280
DA:77,280
DA:78,280
DA:79,280
DA:80,280
DA:81,280
DA:82,280
DA:84,280
DA:85,280
DA:86,280
DA:87,280
DA:88,280
DA:89,280
DA:91,280
DA:92,280
DA:93,280
DA:94,280
DA:95,280
DA:96,280
DA:97,280
DA:98,280
DA:100,280
LF:84
LH:84
BRDA:6,0,0,280
BRDA:17,1,0,140
BRDA:20,2,0,131
BRDA:20,3,0,9
BRDA:21,4,0,131
BRDA:21,5,0,9
BRDA:22,6,0,131
BRDA:22,7,0,9
BRDA:23,8,0,131
BRDA:23,9,0,9
BRDA:23,10,0,183
BRDA:49,11,0,131
BRF:12
BRH:12
end_of_record
TN:
SF:client/src/components/tools/YamlFormatter.tsx
FN:9,YamlFormatter
FN:15,formatYaml
FN:27,yamlToJson
FN:39,jsonToYaml
FN:51,copyToClipboard
FN:71,onChange
FNF:6
FNH:6
FNDA:94,YamlFormatter
FNDA:3,formatYaml
FNDA:1,yamlToJson
FNDA:2,jsonToYaml
FNDA:1,copyToClipboard
FNDA:80,onChange
DA:1,1
DA:9,94
DA:10,94
DA:11,94
DA:12,94
DA:13,94
DA:15,94
DA:16,3
DA:17,3
DA:18,3
DA:19,3
DA:20,3
DA:21,3
DA:22,1
DA:23,1
DA:24,1
DA:25,3
DA:27,94
DA:28,1
DA:29,1
DA:30,1
DA:31,1
DA:32,1
DA:33,1
DA:34,0
DA:35,0
DA:36,0
DA:37,1
DA:39,94
DA:40,2
DA:41,2
DA:42,2
DA:43,2
DA:44,2
DA:45,2
DA:46,1
DA:47,1
DA:48,1
DA:49,2
DA:51,94
DA:52,1
DA:53,1
DA:54,1
DA:56,94
DA:57,94
DA:58,94
DA:59,94
DA:60,94
DA:62,94
DA:63,94
DA:64,94
DA:66,94
DA:67,94
DA:68,94
DA:69,94
DA:70,94
DA:71,94
DA:72,94
DA:73,94
DA:74,94
DA:75,94
DA:76,94
DA:78,94
DA:79,94
DA:80,94
DA:82,94
DA:83,94
DA:84,94
DA:86,94
DA:87,94
DA:88,94
DA:90,94
DA:91,94
DA:93,94
DA:94,94
DA:95,94
DA:96,94
DA:97,94
DA:98,94
DA:99,94
DA:100,94
DA:101,94
DA:102,94
DA:103,94
DA:104,94
DA:105,94
DA:106,94
DA:108,94
DA:110,94
DA:111,94
DA:112,94
DA:113,94
DA:115,94
LF:93
LH:90
BRDA:9,0,0,94
BRDA:99,1,0,92
BRDA:99,2,0,2
BRDA:15,3,0,3
BRDA:21,4,0,1
BRDA:22,5,0,0
BRDA:27,6,0,1
BRDA:33,7,0,0
BRDA:39,8,0,2
BRDA:45,9,0,1
BRDA:46,10,0,0
BRDA:51,11,0,1
BRDA:71,12,0,80
BRF:13
BRH:10
end_of_record
TN:
SF:client/src/components/tools/index.ts
FN:1,(empty-report)
FNF:1
FNH:0
FNDA:0,(empty-report)
DA:1,0
LF:1
LH:0
BRDA:1,0,0,0
BRF:1
BRH:0
end_of_record
TN:
SF:client/src/components/ui/alert.tsx
FN:1,(empty-report)
FNF:1
FNH:0
FNDA:0,(empty-report)
DA:1,0
DA:6,0
DA:7,0
DA:8,0
DA:9,0
DA:10,0
DA:11,0
DA:12,0
DA:13,0
DA:14,0
DA:15,0
DA:16,0
DA:17,0
DA:18,0
DA:19,0
DA:20,0
DA:22,0
DA:25,0
DA:26,0
DA:27,0
DA:28,0
DA:29,0
DA:30,0
DA:31,0
DA:32,0
DA:33,0
DA:35,0
DA:38,0
DA:39,0
DA:40,0
DA:41,0
DA:42,0
DA:43,0
DA:44,0
DA:45,0
DA:47,0
DA:50,0
DA:51,0
DA:52,0
DA:53,0
DA:54,0
DA:55,0
DA:56,0
DA:57,0
LF:44
LH:0
BRDA:1,0,0,0
BRF:1
BRH:0
end_of_record
TN:
SF:client/src/components/ui/button.tsx
FNF:0
FNH:0
DA:1,1
DA:7,1
DA:8,1
DA:9,1
DA:10,1
DA:11,1
DA:12,1
DA:13,1
DA:14,1
DA:15,1
DA:16,1
DA:17,1
DA:18,1
DA:19,1
DA:20,1
DA:21,1
DA:22,1
DA:23,1
DA:24,1
DA:25,1
DA:26,1
DA:27,1
DA:28,1
DA:29,1
DA:30,1
DA:31,1
DA:39,1
DA:40,1
DA:41,3690
DA:42,3690
DA:43,3690
DA:44,3690
DA:45,3690
DA:46,3690
DA:47,3690
DA:49,3690
DA:50,1
DA:51,1
LF:38
LH:38
BRDA:40,0,0,3690
BRDA:41,1,0,0
BRF:2
BRH:1
end_of_record
TN:
SF:client/src/components/ui/card.tsx
FNF:0
FNH:0
DA:1,1
DA:5,1
DA:8,1
DA:9,1191
DA:10,1191
DA:11,1191
DA:12,1191
DA:13,1191
DA:14,1191
DA:15,1191
DA:16,1191
DA:17,1191
DA:18,1
DA:20,1
DA:23,1
DA:24,1191
DA:25,1191
DA:26,1191
DA:27,1191
DA:28,1191
DA:29,1191
DA:30,1
DA:32,1
DA:35,1
DA:36,1191
DA:37,1191
DA:38,1191
DA:39,1191
DA:40,1191
DA:41,1191
DA:42,1191
DA:43,1191
DA:44,1191
DA:45,1
DA:47,1
DA:50,1
DA:51,1191
DA:52,1191
DA:53,1191
DA:54,1191
DA:55,1191
DA:56,1191
DA:57,1
DA:59,1
DA:62,1
DA:63,1191
DA:64,1
DA:65,1
DA:67,1
DA:70,1
DA:71,0
DA:72,0
DA:73,0
DA:74,0
DA:75,0
DA:76,0
DA:77,1
LF:57
LH:51
BRDA:8,0,0,1191
BRDA:23,1,0,1191
BRDA:35,2,0,1191
BRDA:50,3,0,1191
BRDA:62,4,0,1191
BRF:5
BRH:5
end_of_record
TN:
SF:client/src/components/ui/dialog.tsx
FN:1,(empty-report)
FNF:1
FNH:0
FNDA:0,(empty-report)
DA:1,0
DA:9,0
DA:11,0
DA:13,0
DA:15,0
DA:17,0
DA:20,0
DA:21,0
DA:22,0
DA:23,0
DA:24,0
DA:25,0
DA:26,0
DA:27,0
DA:28,0
DA:29,0
DA:30,0
DA:32,0
DA:35,0
DA:36,0
DA:37,0
DA:38,0
DA:39,0
DA:40,0
DA:41,0
DA:42,0
DA:43,0
DA:44,0
DA:46,0
DA:47,0
DA:48,0
DA:49,0
DA:50,0
DA:51,0
DA:52,0
DA:53,0
DA:54,0
DA:56,0
DA:57,0
DA:58,0
DA:59,0
DA:60,0
DA:61,0
DA:62,0
DA:63,0
DA:64,0
DA:65,0
DA:66,0
DA:68,0
DA:70,0
DA:71,0
DA:72,0
DA:73,0
DA:74,0
DA:75,0
DA:76,0
DA:77,0
DA:78,0
DA:79,0
DA:80,0
DA:82,0
DA:84,0
DA:87,0
DA:88,0
DA:89,0
DA:90,0
DA:91,0
DA:92,0
DA:93,0
DA:94,0
DA:95,0
DA:96,0
DA:97,0
DA:99,0
DA:102,0
DA:103,0
DA:104,0
DA:105,0
DA:106,0
DA:107,0
DA:108,0
DA:109,0
LF:82
LH:0
BRDA:1,0,0,0
BRF:1
BRH:0
end_of_record
TN:
SF:client/src/components/ui/form.tsx
FN:1,(empty-report)
FNF:1
FNH:0
FNDA:0,(empty-report)
DA:1,0
DA:18,0
DA:27,0
DA:28,0
DA:29,0
DA:31,0
DA:34,0
DA:35,0
DA:36,0
DA:37,0
DA:38,0
DA:39,0
DA:40,0
DA:42,0
DA:44,0
DA:45,0
DA:46,0
DA:47,0
DA:49,0
DA:51,0
DA:52,0
DA:53,0
DA:55,0
DA:57,0
DA:58,0
DA:59,0
DA:60,0
DA:61,0
DA:62,0
DA:63,0
DA:64,0
DA:65,0
DA:71,0
DA:72,0
DA:73,0
DA:75,0
DA:78,0
DA:79,0
DA:81,0
DA:82,0
DA:83,0
DA:84,0
DA:86,0
DA:87,0
DA:89,0
DA:92,0
DA:93,0
DA:95,0
DA:96,0
DA:97,0
DA:98,0
DA:99,0
DA:100,0
DA:101,0
DA:103,0
DA:104,0
DA:106,0
DA:109,0
DA:110,0
DA:112,0
DA:113,0
DA:114,0
DA:115,0
DA:116,0
DA:117,0
DA:118,0
DA:119,0
DA:121,0
DA:122,0
DA:123,0
DA:125,0
DA:126,0
DA:128,0
DA:131,0
DA:132,0
DA:134,0
DA:135,0
DA:136,0
DA:137,0
DA:138,0
DA:139,0
DA:140,0
DA:142,0
DA:143,0
DA:145,0
DA:148,0
DA:149,0
DA:150,0
DA:152,0
DA:153,0
DA:154,0
DA:156,0
DA:157,0
DA:158,0
DA:159,0
DA:160,0
DA:161,0
DA:163,0
DA:164,0
DA:166,0
DA:167,0
LF:101
LH:0
BRDA:1,0,0,0
BRF:1
BRH:0
end_of_record
TN:
SF:client/src/components/ui/index.ts
FN:1,(empty-report)
FNF:1
FNH:0
FNDA:0,(empty-report)
DA:1,0
DA:2,0
DA:3,0
DA:4,0
DA:5,0
DA:6,0
DA:7,0
DA:8,0
DA:9,0
DA:10,0
DA:11,0
DA:12,0
DA:13,0
DA:14,0
DA:15,0
DA:16,0
DA:17,0
DA:18,0
DA:19,0
LF:19
LH:0
BRDA:1,0,0,0
BRF:1
BRH:0
end_of_record
TN:
SF:client/src/components/ui/input.tsx
FNF:0
FNH:0
DA:1,1
DA:5,1
DA:6,1
DA:8,776
DA:9,776
DA:10,776
DA:11,776
DA:12,776
DA:13,776
DA:14,776
DA:15,776
DA:16,776
DA:17,776
DA:19,776
DA:20,1
DA:21,1
LF:16
LH:16
BRDA:6,0,0,776
BRF:1
BRH:1
end_of_record
TN:
SF:client/src/components/ui/label.tsx
FN:1,(empty-report)
FNF:1
FNH:0
FNDA:0,(empty-report)
DA:1,0
DA:7,0
DA:8,0
DA:9,0
DA:11,0
DA:15,0
DA:16,0
DA:17,0
DA:18,0
DA:19,0
DA:20,0
DA:21,0
DA:22,0
LF:13
LH:0
BRDA:1,0,0,0
BRF:1
BRH:0
end_of_record
TN:
SF:client/src/components/ui/radio-group.tsx
FN:1,(empty-report)
FNF:1
FNH:0
FNDA:0,(empty-report)
DA:1,0
DA:9,0
DA:12,0
DA:13,0
DA:14,0
DA:15,0
DA:16,0
DA:17,0
DA:18,0
DA:20,0
DA:21,0
DA:23,0
DA:26,0
DA:27,0
DA:28,0
DA:29,0
DA:30,0
DA:31,0
DA:32,0
DA:34,0
DA:35,0
LF:21
LH:0
BRDA:1,0,0,0
BRF:1
BRH:0
end_of_record
TN:
SF:client/src/components/ui/select.tsx
FN:1,(empty-report)
FNF:1
FNH:0
FNDA:0,(empty-report)
DA:1,0
DA:9,0
DA:11,0
DA:13,0
DA:15,0
DA:18,0
DA:19,0
DA:20,0
DA:21,0
DA:22,0
DA:23,0
DA:24,0
DA:25,0
DA:27,0
DA:28,0
DA:29,0
DA:30,0
DA:31,0
DA:32,0
DA:33,0
DA:35,0
DA:38,0
DA:39,0
DA:40,0
DA:41,0
DA:42,0
DA:43,0
DA:44,0
DA:45,0
DA:47,0
DA:48,0
DA:49,0
DA:50,0
DA:52,0
DA:55,0
DA:56,0
DA:57,0
DA:58,0
DA:59,0
DA:60,0
DA:61,0
DA:62,0
DA:64,0
DA:65,0
DA:66,0
DA:67,0
DA:68,0
DA:70,0
DA:73,0
DA:74,0
DA:75,0
DA:76,0
DA:77,0
DA:78,0
DA:79,0
DA:80,0
DA:81,0
DA:82,0
DA:83,0
DA:84,0
DA:86,0
DA:87,0
DA:88,0
DA:89,0
DA:90,0
DA:91,0
DA:92,0
DA:94,0
DA:95,0
DA:96,0
DA:97,0
DA:98,0
DA:99,0
DA:100,0
DA:102,0
DA:105,0
DA:106,0
DA:107,0
DA:108,0
DA:109,0
DA:110,0
DA:111,0
DA:112,0
DA:114,0
DA:117,0
DA:118,0
DA:119,0
DA:120,0
DA:121,0
DA:122,0
DA:123,0
DA:124,0
DA:126,0
DA:127,0
DA:128,0
DA:129,0
DA:130,0
DA:132,0
DA:133,0
DA:134,0
DA:135,0
DA:137,0
DA:140,0
DA:141,0
DA:142,0
DA:143,0
DA:144,0
DA:145,0
DA:146,0
DA:147,0
LF:110
LH:0
BRDA:1,0,0,0
BRF:1
BRH:0
end_of_record
TN:
SF:client/src/components/ui/separator.tsx
FN:1,(empty-report)
FNF:1
FNH:0
FNDA:0,(empty-report)
DA:1,0
DA:6,0
DA:10,0
DA:11,0
DA:12,0
DA:14,0
DA:15,0
DA:16,0
DA:17,0
DA:18,0
DA:19,0
DA:20,0
DA:21,0
DA:22,0
DA:23,0
DA:24,0
DA:26,0
DA:27,0
LF:18
LH:0
BRDA:1,0,0,0
BRF:1
BRH:0
end_of_record
TN:
SF:client/src/components/ui/sheet.tsx
FN:1,(empty-report)
FNF:1
FNH:0
FNDA:0,(empty-report)
DA:1,0
DA:10,0
DA:12,0
DA:14,0
DA:16,0
DA:18,0
DA:21,0
DA:22,0
DA:23,0
DA:24,0
DA:25,0
DA:26,0
DA:27,0
DA:28,0
DA:29,0
DA:30,0
DA:31,0
DA:33,0
DA:34,0
DA:35,0
DA:36,0
DA:37,0
DA:38,0
DA:39,0
DA:40,0
DA:41,0
DA:42,0
DA:43,0
DA:44,0
DA:45,0
DA:46,0
DA:47,0
DA:48,0
DA:49,0
DA:50,0
DA:56,0
DA:59,0
DA:60,0
DA:61,0
DA:62,0
DA:63,0
DA:64,0
DA:65,0
DA:67,0
DA:68,0
DA:69,0
DA:70,0
DA:71,0
DA:72,0
DA:73,0
DA:74,0
DA:75,0
DA:77,0
DA:78,0
DA:79,0
DA:80,0
DA:81,0
DA:82,0
DA:83,0
DA:84,0
DA:85,0
DA:86,0
DA:87,0
DA:89,0
DA:91,0
DA:92,0
DA:93,0
DA:94,0
DA:95,0
DA:96,0
DA:97,0
DA:98,0
DA:99,0
DA:100,0
DA:101,0
DA:103,0
DA:105,0
DA:108,0
DA:109,0
DA:110,0
DA:111,0
DA:112,0
DA:113,0
DA:114,0
DA:115,0
DA:117,0
DA:120,0
DA:121,0
DA:122,0
DA:123,0
DA:124,0
DA:125,0
DA:126,0
DA:127,0
LF:94
LH:0
BRDA:1,0,0,0
BRF:1
BRH:0
end_of_record
TN:
SF:client/src/components/ui/sidebar.tsx
FN:1,(empty-report)
FNF:1
FNH:0
FNDA:0,(empty-report)
DA:1,0
DA:28,0
DA:29,0
DA:30,0
DA:31,0
DA:32,0
DA:33,0
DA:45,0
DA:47,0
DA:48,0
DA:49,0
DA:50,0
DA:51,0
DA:53,0
DA:54,0
DA:56,0
DA:57,0
DA:58,0
DA:59,0
DA:60,0
DA:61,0
DA:62,0
DA:63,0
DA:64,0
DA:68,0
DA:69,0
DA:70,0
DA:74,0
DA:75,0
DA:76,0
DA:77,0
DA:78,0
DA:79,0
DA:80,0
DA:81,0
DA:82,0
DA:83,0
DA:86,0
DA:87,0
DA:88,0
DA:89,0
DA:92,0
DA:93,0
DA:94,0
DA:97,0
DA:98,0
DA:99,0
DA:100,0
DA:101,0
DA:102,0
DA:103,0
DA:104,0
DA:105,0
DA:106,0
DA:108,0
DA:109,0
DA:110,0
DA:114,0
DA:116,0
DA:117,0
DA:118,0
DA:119,0
DA:120,0
DA:121,0
DA:122,0
DA:123,0
DA:124,0
DA:125,0
DA:126,0
DA:127,0
DA:129,0
DA:130,0
DA:131,0
DA:132,0
DA:133,0
DA:134,0
DA:135,0
DA:136,0
DA:137,0
DA:138,0
DA:139,0
DA:141,0
DA:142,0
DA:143,0
DA:144,0
DA:145,0
DA:147,0
DA:148,0
DA:149,0
DA:150,0
DA:152,0
DA:154,0
DA:155,0
DA:156,0
DA:157,0
DA:158,0
DA:159,0
DA:160,0
DA:161,0
DA:165,0
DA:166,0
DA:168,0
DA:169,0
DA:170,0
DA:171,0
DA:172,0
DA:173,0
DA:174,0
DA:175,0
DA:176,0
DA:178,0
DA:179,0
DA:181,0
DA:183,0
DA:184,0
DA:185,0
DA:186,0
DA:187,0
DA:188,0
DA:189,0
DA:190,0
DA:191,0
DA:192,0
DA:193,0
DA:194,0
DA:196,0
DA:198,0
DA:199,0
DA:200,0
DA:201,0
DA:202,0
DA:203,0
DA:204,0
DA:206,0
DA:208,0
DA:209,0
DA:210,0
DA:211,0
DA:212,0
DA:213,0
DA:214,0
DA:215,0
DA:218,0
DA:219,0
DA:220,0
DA:221,0
DA:222,0
DA:223,0
DA:224,0
DA:225,0
DA:226,0
DA:227,0
DA:228,0
DA:229,0
DA:230,0
DA:231,0
DA:232,0
DA:233,0
DA:234,0
DA:235,0
DA:237,0
DA:238,0
DA:239,0
DA:240,0
DA:241,0
DA:242,0
DA:244,0
DA:245,0
DA:246,0
DA:247,0
DA:249,0
DA:250,0
DA:251,0
DA:252,0
DA:254,0
DA:256,0
DA:257,0
DA:258,0
DA:259,0
DA:260,0
DA:261,0
DA:263,0
DA:264,0
DA:265,0
DA:266,0
DA:267,0
DA:268,0
DA:269,0
DA:270,0
DA:271,0
DA:272,0
DA:273,0
DA:274,0
DA:276,0
DA:277,0
DA:278,0
DA:280,0
DA:282,0
DA:283,0
DA:286,0
DA:287,0
DA:288,0
DA:289,0
DA:290,0
DA:291,0
DA:292,0
DA:293,0
DA:294,0
DA:295,0
DA:296,0
DA:297,0
DA:298,0
DA:299,0
DA:300,0
DA:301,0
DA:302,0
DA:303,0
DA:304,0
DA:306,0
DA:308,0
DA:309,0
DA:310,0
DA:311,0
DA:312,0
DA:313,0
DA:314,0
DA:315,0
DA:316,0
DA:317,0
DA:318,0
DA:320,0
DA:322,0
DA:323,0
DA:324,0
DA:325,0
DA:326,0
DA:327,0
DA:328,0
DA:329,0
DA:330,0
DA:331,0
DA:332,0
DA:334,0
DA:336,0
DA:337,0
DA:338,0
DA:339,0
DA:340,0
DA:341,0
DA:342,0
DA:343,0
DA:345,0
DA:347,0
DA:348,0
DA:349,0
DA:350,0
DA:351,0
DA:352,0
DA:353,0
DA:354,0
DA:356,0
DA:358,0
DA:359,0
DA:360,0
DA:361,0
DA:362,0
DA:363,0
DA:364,0
DA:365,0
DA:366,0
DA:367,0
DA:368,0
DA:370,0
DA:372,0
DA:373,0
DA:374,0
DA:375,0
DA:376,0
DA:377,0
DA:378,0
DA:379,0
DA:380,0
DA:381,0
DA:382,0
DA:384,0
DA:386,0
DA:387,0
DA:388,0
DA:389,0
DA:390,0
DA:391,0
DA:392,0
DA:393,0
DA:395,0
DA:397,0
DA:398,0
DA:399,0
DA:400,0
DA:401,0
DA:402,0
DA:404,0
DA:405,0
DA:406,0
DA:407,0
DA:408,0
DA:409,0
DA:410,0
DA:411,0
DA:412,0
DA:413,0
DA:414,0
DA:416,0
DA:418,0
DA:419,0
DA:420,0
DA:421,0
DA:422,0
DA:423,0
DA:425,0
DA:426,0
DA:427,0
DA:428,0
DA:429,0
DA:430,0
DA:432,0
DA:433,0
DA:434,0
DA:435,0
DA:436,0
DA:437,0
DA:439,0
DA:441,0
DA:442,0
DA:443,0
DA:444,0
DA:445,0
DA:446,0
DA:447,0
DA:448,0
DA:449,0
DA:450,0
DA:451,0
DA:453,0
DA:455,0
DA:456,0
DA:457,0
DA:458,0
DA:459,0
DA:460,0
DA:461,0
DA:462,0
DA:464,0
DA:466,0
DA:467,0
DA:468,0
DA:469,0
DA:470,0
DA:471,0
DA:472,0
DA:473,0
DA:475,0
DA:477,0
DA:478,0
DA:479,0
DA:480,0
DA:481,0
DA:482,0
DA:483,0
DA:484,0
DA:485,0
DA:486,0
DA:487,0
DA:488,0
DA:489,0
DA:490,0
DA:491,0
DA:492,0
DA:493,0
DA:494,0
DA:495,0
DA:496,0
DA:497,0
DA:499,0
DA:500,0
DA:501,0
DA:502,0
DA:503,0
DA:504,0
DA:505,0
DA:506,0
DA:507,0
DA:511,0
DA:512,0
DA:513,0
DA:515,0
DA:516,0
DA:517,0
DA:518,0
DA:519,0
DA:520,0
DA:521,0
DA:522,0
DA:523,0
DA:526,0
DA:527,0
DA:528,0
DA:530,0
DA:531,0
DA:532,0
DA:533,0
DA:534,0
DA:536,0
DA:537,0
DA:538,0
DA:539,0
DA:540,0
DA:541,0
DA:542,0
DA:543,0
DA:544,0
DA:545,0
DA:547,0
DA:549,0
DA:550,0
DA:551,0
DA:552,0
DA:553,0
DA:554,0
DA:557,0
DA:558,0
DA:560,0
DA:561,0
DA:562,0
DA:563,0
DA:564,0
DA:565,0
DA:567,0
DA:568,0
DA:569,0
DA:570,0
DA:571,0
DA:572,0
DA:573,0
DA:574,0
DA:575,0
DA:576,0
DA:577,0
DA:579,0
DA:581,0
DA:582,0
DA:583,0
DA:584,0
DA:585,0
DA:586,0
DA:587,0
DA:588,0
DA:589,0
DA:590,0
DA:591,0
DA:592,0
DA:593,0
DA:594,0
DA:595,0
DA:596,0
DA:597,0
DA:598,0
DA:599,0
DA:601,0
DA:603,0
DA:604,0
DA:605,0
DA:606,0
DA:607,0
DA:609,0
DA:611,0
DA:612,0
DA:613,0
DA:615,0
DA:616,0
DA:617,0
DA:618,0
DA:619,0
DA:620,0
DA:622,0
DA:623,0
DA:624,0
DA:625,0
DA:626,0
DA:628,0
DA:629,0
DA:630,0
DA:631,0
DA:632,0
DA:633,0
DA:634,0
DA:636,0
DA:637,0
DA:639,0
DA:641,0
DA:642,0
DA:643,0
DA:644,0
DA:645,0
DA:646,0
DA:647,0
DA:648,0
DA:649,0
DA:650,0
DA:651,0
DA:652,0
DA:654,0
DA:656,0
DA:657,0
DA:658,0
DA:659,0
DA:660,0
DA:661,0
DA:662,0
DA:663,0
DA:664,0
DA:665,0
DA:666,0
DA:668,0
DA:670,0
DA:671,0
DA:672,0
DA:673,0
DA:674,0
DA:675,0
DA:676,0
DA:680,0
DA:681,0
DA:683,0
DA:684,0
DA:685,0
DA:686,0
DA:687,0
DA:688,0
DA:689,0
DA:690,0
DA:691,0
DA:692,0
DA:693,0
DA:694,0
DA:695,0
DA:696,0
DA:697,0
DA:698,0
DA:700,0
LF:549
LH:0
BRDA:1,0,0,0
BRF:1
BRH:0
end_of_record
TN:
SF:client/src/components/ui/skeleton.tsx
FN:1,(empty-report)
FNF:1
FNH:0
FNDA:0,(empty-report)
DA:1,0
DA:3,0
DA:4,0
DA:5,0
DA:6,0
DA:7,0
DA:8,0
DA:9,0
DA:10,0
DA:11,0
DA:13,0
LF:11
LH:0
BRDA:1,0,0,0
BRF:1
BRH:0
end_of_record
TN:
SF:client/src/components/ui/switch.tsx
FN:1,(empty-report)
FNF:1
FNH:0
FNDA:0,(empty-report)
DA:1,0
DA:6,0
DA:9,0
DA:10,0
DA:11,0
DA:12,0
DA:13,0
DA:14,0
DA:15,0
DA:16,0
DA:18,0
DA:19,0
DA:20,0
DA:21,0
DA:22,0
DA:23,0
DA:24,0
DA:25,0
LF:18
LH:0
BRDA:1,0,0,0
BRF:1
BRH:0
end_of_record
TN:
SF:client/src/components/ui/textarea.tsx
FNF:0
FNH:0
DA:1,1
DA:5,1
DA:8,1
DA:9,2960
DA:10,2960
DA:11,2960
DA:12,2960
DA:13,2960
DA:14,2960
DA:15,2960
DA:16,2960
DA:17,2960
DA:19,2960
DA:20,1
LF:14
LH:14
BRDA:8,0,0,2960
BRF:1
BRH:1
end_of_record
TN:
SF:client/src/components/ui/toast.tsx
FN:1,(empty-report)
FNF:1
FNH:0
FNDA:0,(empty-report)
DA:1,0
DA:8,0
DA:10,0
DA:13,0
DA:14,0
DA:15,0
DA:16,0
DA:17,0
DA:18,0
DA:19,0
DA:20,0
DA:21,0
DA:22,0
DA:23,0
DA:25,0
DA:26,0
DA:27,0
DA:28,0
DA:29,0
DA:30,0
DA:31,0
DA:32,0
DA:33,0
DA:34,0
DA:35,0
DA:36,0
DA:37,0
DA:38,0
DA:39,0
DA:41,0
DA:45,0
DA:46,0
DA:47,0
DA:48,0
DA:49,0
DA:50,0
DA:51,0
DA:53,0
DA:54,0
DA:56,0
DA:59,0
DA:60,0
DA:61,0
DA:62,0
DA:63,0
DA:64,0
DA:65,0
DA:66,0
DA:67,0
DA:68,0
DA:69,0
DA:71,0
DA:74,0
DA:75,0
DA:76,0
DA:77,0
DA:78,0
DA:79,0
DA:80,0
DA:81,0
DA:82,0
DA:84,0
DA:85,0
DA:86,0
DA:87,0
DA:89,0
DA:92,0
DA:93,0
DA:94,0
DA:95,0
DA:96,0
DA:97,0
DA:98,0
DA:99,0
DA:101,0
DA:104,0
DA:105,0
DA:106,0
DA:107,0
DA:108,0
DA:109,0
DA:110,0
DA:111,0
LF:83
LH:0
BRDA:1,0,0,0
BRF:1
BRH:0
end_of_record
TN:
SF:client/src/components/ui/toaster.tsx
FN:1,(empty-report)
FNF:1
FNH:0
FNDA:0,(empty-report)
DA:1,0
DA:11,0
DA:12,0
DA:14,0
DA:15,0
DA:16,0
DA:17,0
DA:18,0
DA:19,0
DA:20,0
DA:21,0
DA:22,0
DA:24,0
DA:25,0
DA:26,0
DA:27,0
DA:29,0
DA:30,0
DA:31,0
DA:33,0
LF:20
LH:0
BRDA:1,0,0,0
BRF:1
BRH:0
end_of_record
TN:
SF:client/src/components/ui/toggle.tsx
FN:1,(empty-report)
FNF:1
FNH:0
FNDA:0,(empty-report)
DA:1,0
DA:7,0
DA:8,0
DA:9,0
DA:10,0
DA:11,0
DA:12,0
DA:13,0
DA:14,0
DA:15,0
DA:16,0
DA:17,0
DA:18,0
DA:19,0
DA:20,0
DA:21,0
DA:22,0
DA:23,0
DA:24,0
DA:25,0
DA:26,0
DA:27,0
DA:29,0
DA:33,0
DA:34,0
DA:35,0
DA:36,0
DA:37,0
DA:38,0
DA:39,0
DA:41,0
LF:31
LH:0
BRDA:1,0,0,0
BRF:1
BRH:0
end_of_record
TN:
SF:client/src/components/ui/tooltip.tsx
FN:1,(empty-report)
FNF:1
FNH:0
FNDA:0,(empty-report)
DA:1,0
DA:8,0
DA:10,0
DA:12,0
DA:14,0
DA:17,0
DA:18,0
DA:19,0
DA:20,0
DA:21,0
DA:22,0
DA:23,0
DA:24,0
DA:25,0
DA:26,0
DA:27,0
DA:28,0
LF:17
LH:0
BRDA:1,0,0,0
BRF:1
BRH:0
end_of_record
TN:
SF:client/src/hooks/use-copy-to-clipboard.ts
FN:1,(empty-report)
FNF:1
FNH:0
FNDA:0,(empty-report)
DA:1,0
DA:3,0
DA:4,0
DA:6,0
DA:7,0
DA:8,0
DA:9,0
DA:10,0
DA:11,0
DA:12,0
DA:13,0
DA:14,0
DA:15,0
DA:16,0
DA:17,0
DA:18,0
DA:20,0
DA:21,0
LF:18
LH:0
BRDA:1,0,0,0
BRF:1
BRH:0
end_of_record
TN:
SF:client/src/hooks/use-mobile.tsx
FN:1,(empty-report)
FNF:1
FNH:0
FNDA:0,(empty-report)
DA:1,0
DA:3,0
DA:5,0
DA:6,0
DA:8,0
DA:9,0
DA:11,0
DA:12,0
DA:13,0
DA:15,0
DA:17,0
DA:19,0
DA:20,0
DA:21,0
DA:22,0
DA:24,0
DA:25,0
LF:17
LH:0
BRDA:1,0,0,0
BRF:1
BRH:0
end_of_record
TN:
SF:client/src/hooks/use-sidebar.ts
FN:1,(empty-report)
FNF:1
FNH:0
FNDA:0,(empty-report)
DA:1,0
DA:10,0
DA:11,0
DA:12,0
DA:13,0
DA:14,0
DA:15,0
DA:16,0
DA:17,0
DA:18,0
DA:19,0
DA:20,0
DA:21,0
LF:13
LH:0
BRDA:1,0,0,0
BRF:1
BRH:0
end_of_record
TN:
SF:client/src/hooks/use-theme.ts
FN:1,(empty-report)
FNF:1
FNH:0
FNDA:0,(empty-report)
DA:1,0
DA:12,0
DA:13,0
DA:14,0
DA:15,0
DA:16,0
DA:17,0
DA:18,0
DA:19,0
DA:21,0
DA:22,0
DA:23,0
DA:24,0
DA:25,0
DA:26,0
DA:27,0
DA:28,0
DA:29,0
DA:30,0
DA:31,0
DA:32,0
DA:33,0
DA:34,0
DA:35,0
DA:36,0
DA:37,0
DA:39,0
DA:40,0
DA:41,0
DA:42,0
DA:43,0
DA:44,0
DA:45,0
DA:48,0
DA:49,0
DA:50,0
DA:51,0
DA:52,0
DA:53,0
DA:54,0
DA:55,0
DA:56,0
DA:57,0
DA:58,0
DA:59,0
DA:60,0
DA:61,0
DA:62,0
LF:48
LH:0
BRDA:1,0,0,0
BRF:1
BRH:0
end_of_record
TN:
SF:client/src/hooks/use-toast.ts
FN:1,(empty-report)
FNF:1
FNH:0
FNDA:0,(empty-report)
DA:1,0
DA:4,0
DA:5,0
DA:14,0
DA:15,0
DA:16,0
DA:17,0
DA:18,0
DA:19,0
DA:21,0
DA:23,0
DA:24,0
DA:25,0
DA:26,0
DA:40,0
DA:42,0
DA:43,0
DA:44,0
DA:45,0
DA:47,0
DA:48,0
DA:49,0
DA:50,0
DA:52,0
DA:53,0
DA:55,0
DA:56,0
DA:57,0
DA:58,0
DA:59,0
DA:60,0
DA:61,0
DA:62,0
DA:63,0
DA:64,0
DA:65,0
DA:66,0
DA:67,0
DA:68,0
DA:69,0
DA:70,0
DA:71,0
DA:72,0
DA:73,0
DA:74,0
DA:75,0
DA:77,0
DA:78,0
DA:80,0
DA:81,0
DA:82,0
DA:83,0
DA:85,0
DA:86,0
DA:87,0
DA:88,0
DA:89,0
DA:90,0
DA:91,0
DA:92,0
DA:96,0
DA:97,0
DA:98,0
DA:99,0
DA:101,0
DA:102,0
DA:103,0
DA:104,0
DA:105,0
DA:106,0
DA:107,0
DA:108,0
DA:109,0
DA:110,0
DA:111,0
DA:113,0
DA:114,0
DA:116,0
DA:117,0
DA:119,0
DA:120,0
DA:121,0
DA:122,0
DA:123,0
DA:124,0
DA:125,0
DA:126,0
DA:127,0
DA:129,0
DA:130,0
LF:90
LH:0
BRDA:1,0,0,0
BRF:1
BRH:0
end_of_record
TN:
SF:client/src/lib/apiClient.ts
FN:1,(empty-report)
FNF:1
FNH:0
FNDA:0,(empty-report)
DA:1,0
DA:3,0
DA:4,0
DA:5,0
DA:6,0
DA:7,0
DA:8,0
DA:9,0
DA:11,0
DA:12,0
DA:13,0
DA:14,0
DA:15,0
DA:17,0
DA:18,0
DA:19,0
DA:20,0
DA:21,0
DA:22,0
DA:23,0
DA:24,0
DA:25,0
DA:26,0
LF:23
LH:0
BRDA:1,0,0,0
BRF:1
BRH:0
end_of_record
TN:
SF:client/src/lib/queryClient.ts
FN:1,(empty-report)
FNF:1
FNH:0
FNDA:0,(empty-report)
DA:1,0
DA:4,0
DA:5,0
DA:6,0
DA:7,0
DA:8,0
DA:9,0
DA:10,0
DA:11,0
DA:12,0
DA:13,0
DA:14,0
DA:15,0
DA:16,0
DA:17,0
LF:15
LH:0
BRDA:1,0,0,0
BRF:1
BRH:0
end_of_record
TN:
SF:client/src/lib/utils.ts
FN:4,cn
FNF:1
FNH:1
FNDA:13381,cn
DA:1,1
DA:4,1
DA:5,13381
DA:6,13381
LF:4
LH:4
BRDA:4,0,0,13381
BRF:1
BRH:1
end_of_record
TN:
SF:client/src/pages/not-found.tsx
FN:1,(empty-report)
FNF:1
FNH:0
FNDA:0,(empty-report)
DA:1,0
DA:4,0
DA:5,0
DA:6,0
DA:7,0
DA:8,0
DA:9,0
DA:10,0
DA:11,0
DA:12,0
DA:14,0
DA:16,0
DA:17,0
DA:18,0
DA:19,0
DA:21,0
LF:16
LH:0
BRDA:1,0,0,0
BRF:1
BRH:0
end_of_record
